<?xml version="1.0" encoding="UTF-8"?>
<!-- Generated by org.testng.reporters.JUnitReportReporter -->
<testsuite name="com.training.sanity.tests.LoginTests" tests="4" time="35.426" ignored="0" failures="0" timestamp="13 Nov 2019 18:51:34 GMT" skipped="0" hostname="DESKTOP-1DH2FLQ" errors="0">
  <testcase name="create_a_course" time="20.907" classname="com.training.sanity.tests.LoginTests"/>
  <testcase name="unsubscribe_registered_user" time="4.976" classname="com.training.sanity.tests.LoginTests"/>
  <testcase name="enter_course_desription" time="5.590" classname="com.training.sanity.tests.LoginTests"/>
  <testcase name="validLoginTest" time="3.953" classname="com.training.sanity.tests.LoginTests"/>
</testsuite> <!-- com.training.sanity.tests.LoginTests -->
