<?xml version="1.0" encoding="UTF-8"?>
<!-- Generated by org.testng.reporters.JUnitReportReporter -->
<testsuite name="com.training.sanity.tests.SocialNetworkTest" tests="1" time="8.387" ignored="0" failures="0" timestamp="17 Nov 2019 18:22:59 GMT" skipped="0" hostname="DESKTOP-1DH2FLQ" errors="0">
  <testcase name="createGroupAndModifySettingsTest" time="8.387" classname="com.training.sanity.tests.SocialNetworkTest"/>
</testsuite> <!-- com.training.sanity.tests.SocialNetworkTest -->
