<?xml version="1.0" encoding="UTF-8"?>
<!-- Generated by org.testng.reporters.JUnitReportReporter -->
<testsuite name="com.training.sanity.tests.LoginTests" tests="4" time="41.820" ignored="0" failures="0" timestamp="14 Nov 2019 07:25:08 GMT" skipped="0" hostname="DESKTOP-1DH2FLQ" errors="0">
  <testcase name="enter_course_desription" time="7.183" classname="com.training.sanity.tests.LoginTests"/>
  <testcase name="validLoginTest" time="5.221" classname="com.training.sanity.tests.LoginTests"/>
  <testcase name="create_a_course" time="22.945" classname="com.training.sanity.tests.LoginTests"/>
  <testcase name="unsubscribe_registered_user" time="6.471" classname="com.training.sanity.tests.LoginTests"/>
</testsuite> <!-- com.training.sanity.tests.LoginTests -->
