<?xml version="1.0" encoding="UTF-8"?>
<!-- Generated by org.testng.reporters.JUnitReportReporter -->
<testsuite name="com.training.sanity.tests.MyCourseTest" tests="3" time="155.935" ignored="0" failures="0" timestamp="18 Nov 2019 15:45:56 GMT" skipped="0" hostname="DESKTOP-1DH2FLQ" errors="0">
  <testcase name="myCoursesTabTest" time="38.094" classname="com.training.sanity.tests.MyCourseTest"/>
  <testcase name="generateReportTest" time="57.844" classname="com.training.sanity.tests.MyCourseTest"/>
  <testcase name="reportingTest" time="59.997" classname="com.training.sanity.tests.MyCourseTest"/>
</testsuite> <!-- com.training.sanity.tests.MyCourseTest -->
